1714571432.974327 client started (14542): version 3.4, socket /private/tmp/tmux-501/default, protocol 8
1714571432.974376 on Darwin 22.6.0 Darwin Kernel Version 22.6.0: Mon Feb 19 19:48:53 PST 2024; root:xnu-8796.141.3.704.6~1/RELEASE_X86_64
1714571432.974403 using libevent 2.1.12-stable select
1714571432.974422 using utf8proc 2.9.0
1714571432.974432 using ncurses 6.5 20240427
1714571432.974463 flags are 0x10010000
1714571432.974472 socket is /private/tmp/tmux-501/default
1714571432.974487 trying connect
1714571432.974564 add peer 0x7fd3af931000: 6 (0x0)
1714571432.976816 sending message 100 to peer 0x7fd3af931000 (4 bytes)
1714571432.976839 sending message 111 to peer 0x7fd3af931000 (8 bytes)
1714571432.976848 sending message 101 to peer 0x7fd3af931000 (16 bytes)
1714571432.976855 sending message 109 to peer 0x7fd3af931000 (4 bytes)
1714571432.976862 sending message 102 to peer 0x7fd3af931000 (13 bytes)
1714571432.976869 sending message 108 to peer 0x7fd3af931000 (32 bytes)
1714571432.976876 sending message 112 to peer 0x7fd3af931000 (70 bytes)
1714571432.976883 sending message 112 to peer 0x7fd3af931000 (5 bytes)
1714571432.976890 sending message 112 to peer 0x7fd3af931000 (5 bytes)
1714571432.976897 sending message 112 to peer 0x7fd3af931000 (6 bytes)
1714571432.976904 sending message 112 to peer 0x7fd3af931000 (6 bytes)
1714571432.976910 sending message 112 to peer 0x7fd3af931000 (11 bytes)
1714571432.976917 sending message 112 to peer 0x7fd3af931000 (10 bytes)
1714571432.976924 sending message 112 to peer 0x7fd3af931000 (13 bytes)
1714571432.976931 sending message 112 to peer 0x7fd3af931000 (13 bytes)
1714571432.976938 sending message 112 to peer 0x7fd3af931000 (18 bytes)
1714571432.976944 sending message 112 to peer 0x7fd3af931000 (11 bytes)
1714571432.976951 sending message 112 to peer 0x7fd3af931000 (21 bytes)
1714571432.976958 sending message 112 to peer 0x7fd3af931000 (13 bytes)
1714571432.976964 sending message 112 to peer 0x7fd3af931000 (7 bytes)
1714571432.976971 sending message 112 to peer 0x7fd3af931000 (13 bytes)
1714571432.976978 sending message 112 to peer 0x7fd3af931000 (7 bytes)
1714571432.976985 sending message 112 to peer 0x7fd3af931000 (13 bytes)
1714571432.976991 sending message 112 to peer 0x7fd3af931000 (9 bytes)
1714571432.976998 sending message 112 to peer 0x7fd3af931000 (21 bytes)
1714571432.977005 sending message 112 to peer 0x7fd3af931000 (13 bytes)
1714571432.977012 sending message 112 to peer 0x7fd3af931000 (8 bytes)
1714571432.977018 sending message 112 to peer 0x7fd3af931000 (12 bytes)
1714571432.977025 sending message 112 to peer 0x7fd3af931000 (13 bytes)
1714571432.977032 sending message 112 to peer 0x7fd3af931000 (9 bytes)
1714571432.977039 sending message 112 to peer 0x7fd3af931000 (9 bytes)
1714571432.977045 sending message 112 to peer 0x7fd3af931000 (12 bytes)
1714571432.977052 sending message 112 to peer 0x7fd3af931000 (8 bytes)
1714571432.977059 sending message 112 to peer 0x7fd3af931000 (7 bytes)
1714571432.977065 sending message 112 to peer 0x7fd3af931000 (7 bytes)
1714571432.977072 sending message 112 to peer 0x7fd3af931000 (9 bytes)
1714571432.977079 sending message 112 to peer 0x7fd3af931000 (13 bytes)
1714571432.977086 sending message 112 to peer 0x7fd3af931000 (9 bytes)
1714571432.977092 sending message 112 to peer 0x7fd3af931000 (15 bytes)
1714571432.977099 sending message 112 to peer 0x7fd3af931000 (13 bytes)
1714571432.977106 sending message 112 to peer 0x7fd3af931000 (12 bytes)
1714571432.977113 sending message 112 to peer 0x7fd3af931000 (8 bytes)
1714571432.977119 sending message 112 to peer 0x7fd3af931000 (14 bytes)
1714571432.977126 sending message 112 to peer 0x7fd3af931000 (9 bytes)
1714571432.977133 sending message 112 to peer 0x7fd3af931000 (10 bytes)
1714571432.977139 sending message 112 to peer 0x7fd3af931000 (10 bytes)
1714571432.977146 sending message 112 to peer 0x7fd3af931000 (10 bytes)
1714571432.977153 sending message 112 to peer 0x7fd3af931000 (10 bytes)
1714571432.977160 sending message 112 to peer 0x7fd3af931000 (11 bytes)
1714571432.977166 sending message 112 to peer 0x7fd3af931000 (10 bytes)
1714571432.977186 sending message 112 to peer 0x7fd3af931000 (8 bytes)
1714571432.977192 sending message 112 to peer 0x7fd3af931000 (11 bytes)
1714571432.977197 sending message 112 to peer 0x7fd3af931000 (11 bytes)
1714571432.977201 sending message 112 to peer 0x7fd3af931000 (11 bytes)
1714571432.977206 sending message 112 to peer 0x7fd3af931000 (8 bytes)
1714571432.977211 sending message 112 to peer 0x7fd3af931000 (8 bytes)
1714571432.977215 sending message 112 to peer 0x7fd3af931000 (8 bytes)
1714571432.977220 sending message 112 to peer 0x7fd3af931000 (10 bytes)
1714571432.977225 sending message 112 to peer 0x7fd3af931000 (10 bytes)
1714571432.977229 sending message 112 to peer 0x7fd3af931000 (10 bytes)
1714571432.977234 sending message 112 to peer 0x7fd3af931000 (10 bytes)
1714571432.977242 sending message 112 to peer 0x7fd3af931000 (10 bytes)
1714571432.977247 sending message 112 to peer 0x7fd3af931000 (11 bytes)
1714571432.977252 sending message 112 to peer 0x7fd3af931000 (11 bytes)
1714571432.977256 sending message 112 to peer 0x7fd3af931000 (10 bytes)
1714571432.977261 sending message 112 to peer 0x7fd3af931000 (9 bytes)
1714571432.977266 sending message 112 to peer 0x7fd3af931000 (9 bytes)
1714571432.977270 sending message 112 to peer 0x7fd3af931000 (12 bytes)
1714571432.977275 sending message 112 to peer 0x7fd3af931000 (9 bytes)
1714571432.977280 sending message 112 to peer 0x7fd3af931000 (6 bytes)
1714571432.977284 sending message 112 to peer 0x7fd3af931000 (13 bytes)
1714571432.977289 sending message 112 to peer 0x7fd3af931000 (8 bytes)
1714571432.977294 sending message 112 to peer 0x7fd3af931000 (15 bytes)
1714571432.977298 sending message 112 to peer 0x7fd3af931000 (13 bytes)
1714571432.977303 sending message 112 to peer 0x7fd3af931000 (70 bytes)
1714571432.977308 sending message 112 to peer 0x7fd3af931000 (69 bytes)
1714571432.977312 sending message 112 to peer 0x7fd3af931000 (10 bytes)
1714571432.977317 sending message 112 to peer 0x7fd3af931000 (8 bytes)
1714571432.977322 sending message 112 to peer 0x7fd3af931000 (15 bytes)
1714571432.977326 sending message 112 to peer 0x7fd3af931000 (13 bytes)
1714571432.977331 sending message 112 to peer 0x7fd3af931000 (10 bytes)
1714571432.977336 sending message 112 to peer 0x7fd3af931000 (10 bytes)
1714571432.977340 sending message 112 to peer 0x7fd3af931000 (5 bytes)
1714571432.977345 sending message 112 to peer 0x7fd3af931000 (15 bytes)
1714571432.977351 sending message 104 to peer 0x7fd3af931000 (0 bytes)
1714571432.977357 sending message 110 to peer 0x7fd3af931000 (0 bytes)
1714571432.977362 sending message 107 to peer 0x7fd3af931000 (4 bytes)
1714571432.977366 sending message 105 to peer 0x7fd3af931000 (11 bytes)
1714571432.977371 sending message 105 to peer 0x7fd3af931000 (15 bytes)
1714571432.977376 sending message 105 to peer 0x7fd3af931000 (20 bytes)
1714571432.977380 sending message 105 to peer 0x7fd3af931000 (22 bytes)
1714571432.977385 sending message 105 to peer 0x7fd3af931000 (250 bytes)
1714571432.977390 sending message 105 to peer 0x7fd3af931000 (110 bytes)
1714571432.977395 sending message 105 to peer 0x7fd3af931000 (33 bytes)
1714571432.977400 sending message 105 to peer 0x7fd3af931000 (53 bytes)
1714571432.977404 sending message 105 to peer 0x7fd3af931000 (15 bytes)
1714571432.977409 sending message 105 to peer 0x7fd3af931000 (24 bytes)
1714571432.977414 sending message 105 to peer 0x7fd3af931000 (34 bytes)
1714571432.977418 sending message 105 to peer 0x7fd3af931000 (27 bytes)
1714571432.977423 sending message 105 to peer 0x7fd3af931000 (40 bytes)
1714571432.977428 sending message 105 to peer 0x7fd3af931000 (54 bytes)
1714571432.977432 sending message 105 to peer 0x7fd3af931000 (26 bytes)
1714571432.977437 sending message 105 to peer 0x7fd3af931000 (61 bytes)
1714571432.977441 sending message 105 to peer 0x7fd3af931000 (17 bytes)
1714571432.977446 sending message 105 to peer 0x7fd3af931000 (19 bytes)
1714571432.977451 sending message 105 to peer 0x7fd3af931000 (27 bytes)
1714571432.977455 sending message 105 to peer 0x7fd3af931000 (20 bytes)
1714571432.977469 sending message 105 to peer 0x7fd3af931000 (32 bytes)
1714571432.977474 sending message 105 to peer 0x7fd3af931000 (67 bytes)
1714571432.977479 sending message 105 to peer 0x7fd3af931000 (39 bytes)
1714571432.977483 sending message 105 to peer 0x7fd3af931000 (12 bytes)
1714571432.977488 sending message 105 to peer 0x7fd3af931000 (365 bytes)
1714571432.977493 sending message 105 to peer 0x7fd3af931000 (36 bytes)
1714571432.977498 sending message 105 to peer 0x7fd3af931000 (15 bytes)
1714571432.977502 sending message 105 to peer 0x7fd3af931000 (15 bytes)
1714571432.977507 sending message 105 to peer 0x7fd3af931000 (8 bytes)
1714571432.977511 sending message 105 to peer 0x7fd3af931000 (66 bytes)
1714571432.977516 sending message 105 to peer 0x7fd3af931000 (21 bytes)
1714571432.977521 sending message 105 to peer 0x7fd3af931000 (18 bytes)
1714571432.977525 sending message 105 to peer 0x7fd3af931000 (25 bytes)
1714571432.977532 sending message 105 to peer 0x7fd3af931000 (60 bytes)
1714571432.977537 sending message 105 to peer 0x7fd3af931000 (57 bytes)
1714571432.977542 sending message 105 to peer 0x7fd3af931000 (42 bytes)
1714571432.977547 sending message 105 to peer 0x7fd3af931000 (13 bytes)
1714571432.977551 sending message 105 to peer 0x7fd3af931000 (17 bytes)
1714571432.977556 sending message 105 to peer 0x7fd3af931000 (14 bytes)
1714571432.977560 sending message 105 to peer 0x7fd3af931000 (19 bytes)
1714571432.977565 sending message 105 to peer 0x7fd3af931000 (35 bytes)
1714571432.977570 sending message 105 to peer 0x7fd3af931000 (26 bytes)
1714571432.977574 sending message 105 to peer 0x7fd3af931000 (22 bytes)
1714571432.977579 sending message 105 to peer 0x7fd3af931000 (43 bytes)
1714571432.977584 sending message 105 to peer 0x7fd3af931000 (32 bytes)
1714571432.977588 sending message 105 to peer 0x7fd3af931000 (48 bytes)
1714571432.977593 sending message 105 to peer 0x7fd3af931000 (9 bytes)
1714571432.977598 sending message 105 to peer 0x7fd3af931000 (17 bytes)
1714571432.977602 sending message 105 to peer 0x7fd3af931000 (19 bytes)
1714571432.977607 sending message 105 to peer 0x7fd3af931000 (67 bytes)
1714571432.977611 sending message 105 to peer 0x7fd3af931000 (44 bytes)
1714571432.977616 sending message 105 to peer 0x7fd3af931000 (102 bytes)
1714571432.977621 sending message 105 to peer 0x7fd3af931000 (10 bytes)
1714571432.977626 sending message 105 to peer 0x7fd3af931000 (22 bytes)
1714571432.977630 sending message 106 to peer 0x7fd3af931000 (0 bytes)
1714571432.977682 sending message 200 to peer 0x7fd3af931000 (4 bytes)
1714571432.977689 client loop enter
1714571432.977890 peer 0x7fd3af931000 message 303
1714571432.977908 open write file 2 -
1714571432.977936 sending message 305 to peer 0x7fd3af931000 (8 bytes)
1714571432.977956 write check file 2
1714571432.977999 peer 0x7fd3af931000 message 304
1714571432.978007 write 58 to file 2
1714571432.978019 peer 0x7fd3af931000 message 203
1714571432.978024 file 2 58 bytes left
1714571432.978037 write check file 2
1714571432.978043 client loop exit
